<?xml version="1.0" encoding="UTF-8"?>
<!-- Generated by org.testng.reporters.JUnitReportReporter -->
<testsuite hostname="PunithaLaptop" failures="0" tests="1" name="Base.BaseTest" time="6.420" errors="0" timestamp="2024-07-11T10:45:01 CDT" skipped="0">
  <testcase classname="Base.BaseTest" name="initializeDriver" time="6.420"/>
</testsuite> <!-- Base.BaseTest -->
