<?xml version="1.0" encoding="UTF-8"?>
<!-- Generated by org.testng.reporters.JUnitReportReporter -->
<testsuite hostname="PunithaLaptop" failures="0" tests="2" name="pages.LCHF_EliminationList_DietPlan" time="15.838" errors="0" timestamp="2024-07-11T16:01:21 CDT" skipped="0">
  <testcase classname="pages.LCHF_EliminationList_DietPlan" name="getRecipes" time="11.149"/>
  <testcase classname="pages.LCHF_EliminationList_DietPlan" name="readExcel" time="4.689"/>
</testsuite> <!-- pages.LCHF_EliminationList_DietPlan -->
